c:\users\hazim\mine\personal\interviews\interview\interview\debug\interview.pch
c:\users\hazim\mine\personal\interviews\interview\interview\debug\vc141.pdb
c:\users\hazim\mine\personal\interviews\interview\interview\debug\vc141.idb
c:\users\hazim\mine\personal\interviews\interview\interview\debug\stdafx.obj
c:\users\hazim\mine\personal\interviews\interview\interview\debug\interview.obj
c:\users\hazim\mine\personal\interviews\interview\interview\debug\interview.cpp.bak.cpp.obj
c:\users\hazim\mine\personal\interviews\interview\interview\debug\element.obj
c:\users\hazim\mine\personal\interviews\interview\interview\debug\functions.obj
c:\users\hazim\mine\personal\interviews\interview\debug\interview.ilk
c:\users\hazim\mine\personal\interviews\interview\debug\interview.exe
c:\users\hazim\mine\personal\interviews\interview\debug\interview.pdb
d:\me\dropbox\programming\interview\interview\debug\element.obj
d:\me\dropbox\programming\interview\interview\debug\functions.obj
d:\me\dropbox\programming\interview\interview\debug\interview.cpp.bak.cpp.obj
d:\me\dropbox\programming\interview\interview\debug\interview.obj
d:\me\dropbox\programming\interview\interview\debug\stdafx.obj
d:\me\dropbox\programming\interview\interview\debug\interview.pch
d:\me\dropbox\programming\interview\interview\debug\vc141.idb
d:\me\dropbox\programming\interview\interview\debug\vc141.pdb
d:\me\dropbox\programming\interview\debug\interview.pdb
d:\me\dropbox\programming\interview\debug\interview.exe
d:\me\dropbox\programming\interview\debug\interview.ilk
d:\me\dropbox\programming\interview\interview\debug\interview.tlog\cl.command.1.tlog
d:\me\dropbox\programming\interview\interview\debug\interview.tlog\cl.read.1.tlog
d:\me\dropbox\programming\interview\interview\debug\interview.tlog\cl.write.1.tlog
d:\me\dropbox\programming\interview\interview\debug\interview.tlog\link.command.1.tlog
d:\me\dropbox\programming\interview\interview\debug\interview.tlog\link.read.1.tlog
d:\me\dropbox\programming\interview\interview\debug\interview.tlog\link.write.1.tlog
